
  [4;36;1mSQL (0.2ms)[0m   [0;1m SELECT name
 FROM sqlite_master
 WHERE type = 'table' AND NOT name = 'sqlite_sequence'
[0m
  [4;35;1mSQL (0.1ms)[0m   [0mselect sqlite_version(*)[0m
  [4;36;1mSQL (1.5ms)[0m   [0;1mCREATE TABLE "schema_migrations" ("version" varchar(255) NOT NULL) [0m
  [4;35;1mSQL (1.5ms)[0m   [0mCREATE UNIQUE INDEX "unique_schema_migrations" ON "schema_migrations" ("version")[0m
  [4;36;1mSQL (0.2ms)[0m   [0;1m SELECT name
 FROM sqlite_master
 WHERE type = 'table' AND NOT name = 'sqlite_sequence'
[0m
  [4;35;1mSQL (0.1ms)[0m   [0mSELECT version FROM schema_migrations[0m
Migrating to CreateItems (20110514213807)
  [4;36;1mSQL (0.5ms)[0m   [0;1mCREATE TABLE "items" ("id" INTEGER PRIMARY KEY AUTOINCREMENT NOT NULL, "name" text, "x" integer, "y" integer, "created_at" datetime, "updated_at" datetime) [0m
  [4;35;1mSQL (0.1ms)[0m   [0mINSERT INTO schema_migrations (version) VALUES ('20110514213807')[0m
  [4;36;1mSQL (0.3ms)[0m   [0;1m SELECT name
 FROM sqlite_master
 WHERE type = 'table' AND NOT name = 'sqlite_sequence'
[0m
  [4;35;1mSQL (0.1ms)[0m   [0mSELECT version FROM schema_migrations[0m
  [4;36;1mSQL (0.1ms)[0m   [0;1m SELECT name
 FROM sqlite_master
 WHERE type = 'table' AND NOT name = 'sqlite_sequence'
[0m
  [4;35;1mSQL (0.0ms)[0m   [0mPRAGMA index_list("items")[0m


Processing ItemsController#show to xml (for 127.0.0.1 at 2011-05-15 12:50:05) [GET]
  Parameters: {"id"=>"1"}
  [4;36;1mItem Load (0.2ms)[0m   [0;1mSELECT * FROM "items" WHERE ("items"."id" = 1) [0m
Completed in 80ms (View: 75, DB: 0) | 200 OK [http://0.0.0.0/items/1.xml]


Processing ItemsController#index to xml (for 127.0.0.1 at 2011-05-15 12:50:07) [GET]
  [4;35;1mItem Load (0.5ms)[0m   [0mSELECT * FROM "items" [0m
Completed in 8ms (View: 3, DB: 0) | 200 OK [http://0.0.0.0/items.xml]


Processing ItemsController#index (for 127.0.0.1 at 2011-05-15 12:51:36) [GET]
  [4;36;1mItem Load (0.4ms)[0m   [0;1mSELECT * FROM "items" [0m
Completed in 7ms (View: 3, DB: 0) | 200 OK [http://localhost/items]


Processing ItemsController#show (for 127.0.0.1 at 2011-05-15 12:51:56) [GET]
  Parameters: {"id"=>"1"}
  [4;35;1mItem Load (0.4ms)[0m   [0mSELECT * FROM "items" WHERE ("items"."id" = 1) [0m
Completed in 10ms (View: 3, DB: 0) | 200 OK [http://localhost/items/1]


Processing ItemsController#show (for 127.0.0.1 at 2011-05-15 12:52:01) [GET]
  Parameters: {"id"=>"2"}
  [4;36;1mItem Load (0.1ms)[0m   [0;1mSELECT * FROM "items" WHERE ("items"."id" = 2) [0m

ActiveRecord::RecordNotFound (Couldn't find Item with ID=2):
  app/controllers/items_controller.rb:17:in `show'

Rendered rescues/_trace (42.7ms)
Rendered rescues/_request_and_response (1.2ms)
Rendering rescues/layout (not_found)


Processing ItemsController#item (for 127.0.0.1 at 2011-05-15 12:52:53) [GET]
  Parameters: {"id"=>"2"}

ActionController::UnknownAction (No action responded to item. Actions: create, destroy, edit, index, new, show, and update):
  

Rendering rescues/layout (not_found)


Processing ItemsController#item (for 127.0.0.1 at 2011-05-15 12:52:56) [GET]
  Parameters: {"id"=>"1"}

ActionController::UnknownAction (No action responded to item. Actions: create, destroy, edit, index, new, show, and update):
  

Rendering rescues/layout (not_found)


Processing ItemsController#show (for 127.0.0.1 at 2011-05-15 12:53:03) [GET]
  Parameters: {"id"=>"1"}
  [4;35;1mItem Load (0.2ms)[0m   [0mSELECT * FROM "items" WHERE ("items"."id" = 1) [0m
Completed in 7ms (View: 2, DB: 0) | 200 OK [http://localhost/items/1]


Processing ItemsController#update (for 127.0.0.1 at 2011-05-15 12:55:29) [PUT]
  Parameters: {"name"=>"item2", "x"=>"3", "y"=>"10", "id"=>"3"}

ActionController::InvalidAuthenticityToken (ActionController::InvalidAuthenticityToken):
  

Rendered rescues/_trace (41.4ms)
Rendered rescues/_request_and_response (0.4ms)
Rendering rescues/layout (unprocessable_entity)


Processing ItemsController#update (for 127.0.0.1 at 2011-05-15 13:11:23) [PUT]
  Parameters: {"name"=>"item2", "x"=>"3", "y"=>"10", "id"=>"3"}

ActionController::InvalidAuthenticityToken (ActionController::InvalidAuthenticityToken):
  

Rendered rescues/_trace (41.7ms)
Rendered rescues/_request_and_response (0.4ms)
Rendering rescues/layout (unprocessable_entity)


Processing ItemsController#update (for 127.0.0.1 at 2011-05-15 13:11:34) [PUT]
  Parameters: {"name"=>"item2", "x"=>"3", "y"=>"10", "id"=>"3"}

ActionController::InvalidAuthenticityToken (ActionController::InvalidAuthenticityToken):
  

Rendered rescues/_trace (42.1ms)
Rendered rescues/_request_and_response (0.4ms)
Rendering rescues/layout (unprocessable_entity)


Processing ItemsController#update (for 127.0.0.1 at 2011-05-15 13:12:45) [PUT]
  Parameters: {"name"=>"item2", "x"=>"3", "y"=>"10", "id"=>"3"}

ActionController::InvalidAuthenticityToken (ActionController::InvalidAuthenticityToken):
  

Rendered rescues/_trace (42.2ms)
Rendered rescues/_request_and_response (0.3ms)
Rendering rescues/layout (unprocessable_entity)


Processing ItemsController#update (for 127.0.0.1 at 2011-05-15 13:12:49) [PUT]
  Parameters: {"name"=>"item2", "x"=>"3", "y"=>"10", "id"=>"3"}

ActionController::InvalidAuthenticityToken (ActionController::InvalidAuthenticityToken):
  

Rendered rescues/_trace (95.8ms)
Rendered rescues/_request_and_response (0.3ms)
Rendering rescues/layout (unprocessable_entity)


Processing ItemsController#update (for 127.0.0.1 at 2011-05-15 13:13:17) [PUT]
  Parameters: {"name"=>"item2", "x"=>"3", "y"=>"10", "id"=>"3"}

ActionController::InvalidAuthenticityToken (ActionController::InvalidAuthenticityToken):
  

Rendered rescues/_trace (42.8ms)
Rendered rescues/_request_and_response (0.3ms)
Rendering rescues/layout (unprocessable_entity)


Processing ItemsController#update (for 127.0.0.1 at 2011-05-15 13:14:04) [PUT]
  Parameters: {"name"=>"item2", "x"=>"3", "y"=>"10", "id"=>"3"}

ActionController::InvalidAuthenticityToken (ActionController::InvalidAuthenticityToken):
  

Rendered rescues/_trace (96.0ms)
Rendered rescues/_request_and_response (0.4ms)
Rendering rescues/layout (unprocessable_entity)


Processing ItemsController#update (for 127.0.0.1 at 2011-05-15 15:59:42) [PUT]
  Parameters: {"name"=>"item2", "x"=>"3", "y"=>"10", "id"=>"3"}

ActionController::InvalidAuthenticityToken (ActionController::InvalidAuthenticityToken):
  

Rendered rescues/_trace (41.7ms)
Rendered rescues/_request_and_response (0.3ms)
Rendering rescues/layout (unprocessable_entity)


Processing ItemsController#index to xml (for 127.0.0.1 at 2011-05-15 16:00:00) [GET]
  [4;36;1mItem Load (0.4ms)[0m   [0;1mSELECT * FROM "items" [0m
Completed in 7ms (View: 3, DB: 0) | 200 OK [http://localhost/items.xml]


Processing ItemsController#show to xml (for 127.0.0.1 at 2011-05-15 16:01:24) [GET]
  Parameters: {"id"=>"1"}
  [4;35;1mItem Load (0.2ms)[0m   [0mSELECT * FROM "items" WHERE ("items"."id" = 1) [0m
Completed in 7ms (View: 2, DB: 0) | 200 OK [http://localhost/items/1.xml]


Processing ItemsController#show (for 127.0.0.1 at 2011-05-15 16:10:05) [GET]
  Parameters: {"id"=>"1"}
  [4;36;1mItem Load (0.2ms)[0m   [0;1mSELECT * FROM "items" WHERE ("items"."id" = 1) [0m
Rendering template within layouts/items
Rendering items/show
Completed in 17ms (View: 12, DB: 0) | 200 OK [http://localhost/items/1]


Processing ItemsController#show to xml (for 127.0.0.1 at 2011-05-15 16:10:31) [GET]
  Parameters: {"id"=>"1"}
  [4;35;1mItem Load (0.3ms)[0m   [0mSELECT * FROM "items" WHERE ("items"."id" = 1) [0m
Completed in 7ms (View: 2, DB: 0) | 200 OK [http://localhost/items/1.xml]


Processing ItemsController#index to jsonl (for 127.0.0.1 at 2011-05-15 16:10:41) [GET]
  [4;36;1mItem Load (0.4ms)[0m   [0;1mSELECT * FROM "items" [0m
Completed in 5ms (View: 1, DB: 0) | 406 Not Acceptable [http://localhost/items.jsonl]


Processing ItemsController#index to json (for 127.0.0.1 at 2011-05-15 16:13:01) [GET]
  [4;35;1mItem Load (0.4ms)[0m   [0mSELECT * FROM "items" [0m
Completed in 13ms (View: 9, DB: 0) | 406 Not Acceptable [http://localhost/items.json]


Processing ItemsController#index (for 127.0.0.1 at 2011-05-15 16:13:27) [GET]
  [4;36;1mItem Load (0.5ms)[0m   [0;1mSELECT * FROM "items" [0m
Completed in 5ms (View: 1, DB: 0) | 406 Not Acceptable [http://localhost/items]


Processing ItemsController#show to xml (for 127.0.0.1 at 2011-05-15 19:46:03) [GET]
  Parameters: {"id"=>"1"}
  [4;35;1mItem Load (272.7ms)[0m   [0mSELECT * FROM "items" WHERE ("items"."id" = 1) [0m
Completed in 1447ms (View: 574, DB: 273) | 200 OK [http://localhost/items/1.xml]


Processing ItemsController#index (for 127.0.0.1 at 2011-05-15 21:23:47) [GET]
  [4;36;1mItem Load (0.6ms)[0m   [0;1mSELECT * FROM "items" [0m
Completed in 21ms (View: 1, DB: 1) | 406 Not Acceptable [http://localhost/items]


Processing ItemsController#index (for 127.0.0.1 at 2011-05-15 21:24:09) [GET]
  [4;35;1mItem Load (0.4ms)[0m   [0mSELECT * FROM "items" [0m
Completed in 33ms (View: 28, DB: 0) | 200 OK [http://localhost/items]


Processing ItemsController#update (for 127.0.0.1 at 2011-05-15 21:24:39) [PUT]
  Parameters: {"name"=>"item2", "x"=>"3", "y"=>"10", "id"=>"3"}

ActionController::InvalidAuthenticityToken (ActionController::InvalidAuthenticityToken):
  

Rendered rescues/_trace (42.2ms)
Rendered rescues/_request_and_response (0.3ms)
Rendering rescues/layout (unprocessable_entity)


Processing ItemsController#update (for 127.0.0.1 at 2011-05-15 21:28:21) [PUT]
  Parameters: {"name"=>"item2", "x"=>"3", "y"=>"10", "id"=>"3"}

ActionController::InvalidAuthenticityToken (ActionController::InvalidAuthenticityToken):
  

Rendered rescues/_trace (138.2ms)
Rendered rescues/_request_and_response (0.3ms)
Rendering rescues/layout (unprocessable_entity)


Processing ItemsController#index (for 127.0.0.1 at 2011-05-15 21:28:28) [PUT]
  Parameters: {"name"=>"item2", "x"=>"3", "y"=>"10"}

ActionController::InvalidAuthenticityToken (ActionController::InvalidAuthenticityToken):
  

Rendered rescues/_trace (41.0ms)
Rendered rescues/_request_and_response (0.3ms)
Rendering rescues/layout (unprocessable_entity)


Processing ItemsController#create (for 127.0.0.1 at 2011-05-15 21:28:41) [POST]
  Parameters: {"name"=>"item2", "x"=>"3", "y"=>"10"}

ActionController::InvalidAuthenticityToken (ActionController::InvalidAuthenticityToken):
  

Rendered rescues/_trace (96.5ms)
Rendered rescues/_request_and_response (0.3ms)
Rendering rescues/layout (unprocessable_entity)


Processing ItemsController#index to jsonl (for 127.0.0.1 at 2011-05-15 21:29:05) [GET]
  [4;36;1mItem Load (0.4ms)[0m   [0;1mSELECT * FROM "items" [0m
Completed in 5ms (View: 1, DB: 0) | 406 Not Acceptable [http://localhost/items.jsonl]


Processing ItemsController#index to jsonl (for 127.0.0.1 at 2011-05-15 21:29:11) [GET]
  [4;35;1mItem Load (0.4ms)[0m   [0mSELECT * FROM "items" [0m
Completed in 4ms (View: 1, DB: 0) | 406 Not Acceptable [http://localhost/items.jsonl]


Processing ItemsController#index to jsonl (for 127.0.0.1 at 2011-05-15 21:29:21) [GET]
  [4;36;1mItem Load (0.4ms)[0m   [0;1mSELECT * FROM "items" [0m
Completed in 4ms (View: 1, DB: 0) | 406 Not Acceptable [http://localhost/items.jsonl]


Processing ItemsController#index to json (for 127.0.0.1 at 2011-05-15 21:29:26) [GET]
  [4;35;1mItem Load (0.4ms)[0m   [0mSELECT * FROM "items" [0m
Completed in 7ms (View: 3, DB: 0) | 200 OK [http://localhost/items.json]


Processing ItemsController#index (for 127.0.0.1 at 2011-05-15 21:29:33) [PUT]
  Parameters: {"name"=>"item2", "x"=>"3", "y"=>"10"}

ActionController::InvalidAuthenticityToken (ActionController::InvalidAuthenticityToken):
  

Rendered rescues/_trace (92.6ms)
Rendered rescues/_request_and_response (0.4ms)
Rendering rescues/layout (unprocessable_entity)


Processing ItemsController#update (for 127.0.0.1 at 2011-05-15 21:29:44) [PUT]
  Parameters: {"name"=>"item2", "x"=>"3", "y"=>"10", "id"=>"3"}

ActionController::InvalidAuthenticityToken (ActionController::InvalidAuthenticityToken):
  

Rendered rescues/_trace (41.3ms)
Rendered rescues/_request_and_response (0.3ms)
Rendering rescues/layout (unprocessable_entity)


Processing ItemsController#update (for 127.0.0.1 at 2011-05-15 21:43:05) [PUT]
  Parameters: {"name"=>"item2", "x"=>"3", "y"=>"10", "id"=>"3"}
  [4;36;1mItem Load (0.1ms)[0m   [0;1mSELECT * FROM "items" WHERE ("items"."id" = 3) [0m

ActiveRecord::RecordNotFound (Couldn't find Item with ID=3):
  app/controllers/items_controller.rb:65:in `update'

Rendered rescues/_trace (95.8ms)
Rendered rescues/_request_and_response (0.3ms)
Rendering rescues/layout (not_found)


Processing ItemsController#index (for 127.0.0.1 at 2011-05-15 21:43:20) [PUT]
  Parameters: {"name"=>"item2", "x"=>"3", "y"=>"10"}
  [4;35;1mItem Load (0.4ms)[0m   [0mSELECT * FROM "items" [0m
Completed in 6ms (View: 3, DB: 0) | 200 OK [http://localhost/items]


Processing ItemsController#update (for 127.0.0.1 at 2011-05-15 21:43:54) [PUT]
  Parameters: {"name"=>"item2", "x"=>"3", "y"=>"10", "id"=>"3"}
  [4;36;1mItem Load (0.1ms)[0m   [0;1mSELECT * FROM "items" WHERE ("items"."id" = 3) [0m

ActiveRecord::RecordNotFound (Couldn't find Item with ID=3):
  app/controllers/items_controller.rb:65:in `update'

Rendered rescues/_trace (112.0ms)
Rendered rescues/_request_and_response (0.3ms)
Rendering rescues/layout (not_found)


Processing ItemsController#index (for 127.0.0.1 at 2011-05-15 21:44:12) [GET]
  [4;35;1mItem Load (0.5ms)[0m   [0mSELECT * FROM "items" [0m
Completed in 8ms (View: 4, DB: 1) | 200 OK [http://localhost/items]


Processing ItemsController#update (for 127.0.0.1 at 2011-05-15 21:44:37) [PUT]
  Parameters: {"name"=>"item2", "x"=>"3", "y"=>"10", "id"=>"3"}
  [4;36;1mItem Load (0.1ms)[0m   [0;1mSELECT * FROM "items" WHERE ("items"."id" = 3) [0m

ActiveRecord::RecordNotFound (Couldn't find Item with ID=3):
  app/controllers/items_controller.rb:65:in `update'

Rendered rescues/_trace (41.2ms)
Rendered rescues/_request_and_response (0.4ms)
Rendering rescues/layout (not_found)


Processing ItemsController#3 (for 127.0.0.1 at 2011-05-15 21:46:08) [POST]
  Parameters: {"name"=>"item2", "x"=>"3", "y"=>"10"}

ActionController::UnknownAction (No action responded to 3. Actions: create, destroy, edit, index, new, show, and update):
  

Rendering rescues/layout (not_found)


Processing ItemsController#3 (for 127.0.0.1 at 2011-05-15 21:46:38) [POST]
  Parameters: {"name"=>"item2", "x"=>"3", "y"=>"10"}

ActionController::UnknownAction (No action responded to 3. Actions: create, destroy, edit, index, new, show, and update):
  

Rendering rescues/layout (not_found)


Processing ItemsController#create (for 127.0.0.1 at 2011-05-15 21:47:07) [POST]
  Parameters: {"name"=>"item2", "x"=>"3", "y"=>"10"}
  [4;35;1mItem Create (42.6ms)[0m   [0mINSERT INTO "items" ("name", "created_at", "x", "y", "updated_at") VALUES(NULL, '2011-05-15 19:47:07', NULL, NULL, '2011-05-15 19:47:07')[0m
Completed in 54ms (View: 3, DB: 43) | 201 Created [http://localhost/items]


Processing ItemsController#create (for 127.0.0.1 at 2011-05-15 21:47:15) [POST]
  Parameters: {"name"=>"item2", "x"=>"3", "y"=>"10"}
  [4;36;1mItem Create (0.4ms)[0m   [0;1mINSERT INTO "items" ("name", "created_at", "x", "y", "updated_at") VALUES(NULL, '2011-05-15 19:47:15', NULL, NULL, '2011-05-15 19:47:15')[0m
Completed in 10ms (View: 2, DB: 0) | 201 Created [http://localhost/items]


Processing ItemsController#create to xml (for 127.0.0.1 at 2011-05-15 21:47:22) [POST]
  Parameters: {"name"=>"item2", "x"=>"3", "y"=>"10"}
  [4;35;1mItem Create (0.4ms)[0m   [0mINSERT INTO "items" ("name", "created_at", "x", "y", "updated_at") VALUES(NULL, '2011-05-15 19:47:22', NULL, NULL, '2011-05-15 19:47:22')[0m
Completed in 11ms (View: 2, DB: 0) | 201 Created [http://localhost/items.xml]


Processing ItemsController#index to xml (for 127.0.0.1 at 2011-05-15 21:57:45) [GET]
  [4;36;1mItem Load (0.6ms)[0m   [0;1mSELECT * FROM "items" [0m
Completed in 30ms (View: 26, DB: 1) | 200 OK [http://localhost/items.xml]


Processing ItemsController#create to xml (for 127.0.0.1 at 2011-05-15 21:58:13) [POST]
  Parameters: {"name"=>"item5", "x"=>"3", "y"=>"10"}
  [4;35;1mItem Create (0.6ms)[0m   [0mINSERT INTO "items" ("name", "created_at", "x", "y", "updated_at") VALUES(NULL, '2011-05-15 19:58:13', NULL, NULL, '2011-05-15 19:58:13')[0m
Completed in 12ms (View: 2, DB: 1) | 201 Created [http://localhost/items.xml]


Processing ItemsController#create to xml (for 127.0.0.1 at 2011-05-15 21:58:33) [POST]
  Parameters: {"name"=>"item5", "x"=>"3", "y"=>"10"}
  [4;36;1mItem Create (0.3ms)[0m   [0;1mINSERT INTO "items" ("name", "created_at", "x", "y", "updated_at") VALUES(NULL, '2011-05-15 19:58:33', NULL, NULL, '2011-05-15 19:58:33')[0m
Completed in 10ms (View: 2, DB: 0) | 201 Created [http://localhost/items.xml]


Processing ItemsController#update (for 127.0.0.1 at 2011-05-15 21:58:51) [PUT]
  Parameters: {"name"=>"item5", "x"=>"3", "y"=>"10", "id"=>"5"}
  [4;35;1mItem Load (0.2ms)[0m   [0mSELECT * FROM "items" WHERE ("items"."id" = 5) [0m
Completed in 6ms (View: 1, DB: 0) | 406 Not Acceptable [http://localhost/items/5]


Processing ItemsController#index to xml (for 127.0.0.1 at 2011-05-15 21:59:08) [GET]
  [4;36;1mItem Load (0.8ms)[0m   [0;1mSELECT * FROM "items" [0m
Completed in 59ms (View: 7, DB: 1) | 200 OK [http://localhost/items.xml]


Processing ItemsController#update (for 127.0.0.1 at 2011-05-15 22:00:17) [PUT]
  Parameters: {"name"=>"item5", "x"=>"3", "y"=>"10", "id"=>"6"}
  [4;35;1mItem Load (0.2ms)[0m   [0mSELECT * FROM "items" WHERE ("items"."id" = 6) [0m
Completed in 6ms (View: 1, DB: 0) | 406 Not Acceptable [http://localhost/items/6]


Processing ItemsController#update (for 127.0.0.1 at 2011-05-15 22:02:15) [PUT]
  Parameters: {"name"=>"item5", "x"=>"3", "y"=>"10", "id"=>"6"}
  [4;36;1mItem Load (0.4ms)[0m   [0;1mSELECT * FROM "items" WHERE ("items"."id" = 6) [0m
Completed in 7ms (View: 1, DB: 0) | 406 Not Acceptable [http://localhost/items/6]


Processing ItemsController#index to json (for 127.0.0.1 at 2011-05-15 22:02:21) [GET]
  [4;35;1mItem Load (0.8ms)[0m   [0mSELECT * FROM "items" [0m
Completed in 10ms (View: 5, DB: 1) | 200 OK [http://localhost/items.json]


Processing ItemsController#index to json (for 127.0.0.1 at 2011-05-15 22:02:24) [GET]
  [4;36;1mItem Load (0.7ms)[0m   [0;1mSELECT * FROM "items" [0m
Completed in 9ms (View: 5, DB: 1) | 200 OK [http://localhost/items.json]


Processing ItemsController#index to json (for 127.0.0.1 at 2011-05-15 22:02:32) [GET]
  [4;35;1mItem Load (0.7ms)[0m   [0mSELECT * FROM "items" [0m
Completed in 10ms (View: 5, DB: 1) | 200 OK [http://localhost/items.json]


Processing ItemsController#show to json (for 127.0.0.1 at 2011-05-15 22:02:43) [GET]
  Parameters: {"id"=>"1"}
  [4;36;1mItem Load (0.2ms)[0m   [0;1mSELECT * FROM "items" WHERE ("items"."id" = 1) [0m
Completed in 7ms (View: 2, DB: 0) | 200 OK [http://localhost/items/1.json]


Processing ItemsController#update (for 127.0.0.1 at 2011-05-15 22:03:58) [PUT]
  Parameters: {"id"=>"6", "{\"item\":{\"name\":\"## item 6 ##\",\"created_at\":\"2011-05-14T21:40:20Z\",\"x\":3,\"y\":4,\"updated_at\":\"2011-05-15T10:39:21Z\",\"id\":6}} "=>nil}
  [4;35;1mItem Load (0.2ms)[0m   [0mSELECT * FROM "items" WHERE ("items"."id" = 6) [0m
Completed in 8ms (View: 1, DB: 0) | 406 Not Acceptable [http://localhost/items/6]


Processing ItemsController#update (for 127.0.0.1 at 2011-05-15 22:04:28) [PUT]
  Parameters: {"id"=>"6", "{\"name\":\"## item 6 ##\",\"x\":3,\"y\":4,\"updated_at\":\"2011-05-15T10:39:21Z\",\"id\":6} "=>nil}
  [4;36;1mItem Load (0.2ms)[0m   [0;1mSELECT * FROM "items" WHERE ("items"."id" = 6) [0m
Completed in 6ms (View: 1, DB: 0) | 406 Not Acceptable [http://localhost/items/6]


Processing ItemsController#update (for 127.0.0.1 at 2011-05-15 22:04:41) [PUT]
  Parameters: {"id"=>"6", "{\"name\":\"## item 6 ##\",\"x\":3,\"y\":4,} "=>nil}
  [4;35;1mItem Load (0.2ms)[0m   [0mSELECT * FROM "items" WHERE ("items"."id" = 6) [0m
Completed in 7ms (View: 1, DB: 0) | 406 Not Acceptable [http://localhost/items/6]


Processing ItemsController#show to xml (for 127.0.0.1 at 2011-05-15 22:13:52) [GET]
  Parameters: {"id"=>"1"}
  [4;36;1mItem Load (0.2ms)[0m   [0;1mSELECT * FROM "items" WHERE ("items"."id" = 1) [0m
Completed in 43ms (View: 38, DB: 0) | 200 OK [http://localhost/items/1.xml]


Processing ItemsController#index (for 127.0.0.1 at 2011-05-15 22:13:55) [GET]
  [4;35;1mItem Load (0.7ms)[0m   [0mSELECT * FROM "items" [0m
Rendering template within layouts/items
Rendering items/index
Completed in 27ms (View: 23, DB: 1) | 200 OK [http://localhost/items]


Processing ItemsController#edit (for 127.0.0.1 at 2011-05-15 22:13:59) [GET]
  Parameters: {"id"=>"4"}
  [4;36;1mItem Load (0.2ms)[0m   [0;1mSELECT * FROM "items" WHERE ("items"."id" = 4) [0m
Rendering template within layouts/items
Rendering items/edit
Completed in 95ms (View: 90, DB: 0) | 200 OK [http://localhost/items/4/edit]


Processing ItemsController#update (for 127.0.0.1 at 2011-05-15 22:14:04) [PUT]
  Parameters: {"commit"=>"Update", "authenticity_token"=>"1/NSgLvceVIyYuUBfv6GCPeE1Hn2fApsXZES5oGfOPo=", "id"=>"4", "item"=>{"name"=>"xcvxcv", "x"=>"3", "y"=>"4", "id"=>"4"}}
  [4;35;1mItem Load (0.2ms)[0m   [0mSELECT * FROM "items" WHERE ("items"."id" = 4) [0m
WARNING: Can't mass-assign these protected attributes: id
  [4;36;1mItem Update (33.2ms)[0m   [0;1mUPDATE "items" SET "updated_at" = '2011-05-15 20:14:04', "y" = 4, "x" = 3, "name" = 'xcvxcv' WHERE "id" = 4[0m
Redirected to http://localhost:3000/items/4
Completed in 74ms (DB: 33) | 302 Found [http://localhost/items/4]


Processing ItemsController#show (for 127.0.0.1 at 2011-05-15 22:14:04) [GET]
  Parameters: {"id"=>"4"}
  [4;35;1mItem Load (0.2ms)[0m   [0mSELECT * FROM "items" WHERE ("items"."id" = 4) [0m
Rendering template within layouts/items
Rendering items/show
Completed in 8ms (View: 3, DB: 0) | 200 OK [http://localhost/items/4]


Processing ItemsController#index (for 127.0.0.1 at 2011-05-15 22:14:07) [GET]
  [4;36;1mItem Load (0.7ms)[0m   [0;1mSELECT * FROM "items" [0m
Rendering template within layouts/items
Rendering items/index
Completed in 23ms (View: 18, DB: 1) | 200 OK [http://localhost/items]


Processing ApplicationController#index (for 127.0.0.1 at 2011-05-15 22:18:55) [POST]
  Parameters: {"book"=>{"title"=>"a title", "description"=>"a description"}}

ActionController::RoutingError (No route matches "/books/" with {:method=>:post}):
  

Rendering rescues/layout (not_found)
Error occurred while parsing request parameters.
Contents:

<book><titem>
/!\ FAILSAFE /!\  Sun May 15 22:19:43 +0200 2011
  Status: 500 Internal Server Error
  #<REXML::ParseException: No close tag for /book/titem>
/System/Library/Frameworks/Ruby.framework/Versions/1.8/usr/lib/ruby/1.8/rexml/parsers/treeparser.rb:28:in `parse'
/System/Library/Frameworks/Ruby.framework/Versions/1.8/usr/lib/ruby/1.8/rexml/document.rb:227:in `build'
/System/Library/Frameworks/Ruby.framework/Versions/1.8/usr/lib/ruby/1.8/rexml/document.rb:43:in `initialize'
/System/Library/Frameworks/Ruby.framework/Versions/1.8/usr/lib/ruby/gems/1.8/gems/activesupport-2.3.5/lib/active_support/xml_mini/rexml.rb:17:in `new'
/System/Library/Frameworks/Ruby.framework/Versions/1.8/usr/lib/ruby/gems/1.8/gems/activesupport-2.3.5/lib/active_support/xml_mini/rexml.rb:17:in `parse'
/System/Library/Frameworks/Ruby.framework/Versions/1.8/usr/lib/ruby/gems/1.8/gems/activesupport-2.3.5/lib/active_support/xml_mini.rb:12:in `__send__'
/System/Library/Frameworks/Ruby.framework/Versions/1.8/usr/lib/ruby/gems/1.8/gems/activesupport-2.3.5/lib/active_support/xml_mini.rb:12:in `parse'
/System/Library/Frameworks/Ruby.framework/Versions/1.8/usr/lib/ruby/gems/1.8/gems/activesupport-2.3.5/lib/active_support/core_ext/hash/conversions.rb:164:in `from_xml'
/System/Library/Frameworks/Ruby.framework/Versions/1.8/usr/lib/ruby/gems/1.8/gems/actionpack-2.3.5/lib/action_controller/params_parser.rb:34:in `parse_formatted_parameters'
/System/Library/Frameworks/Ruby.framework/Versions/1.8/usr/lib/ruby/gems/1.8/gems/actionpack-2.3.5/lib/action_controller/params_parser.rb:11:in `call'
/System/Library/Frameworks/Ruby.framework/Versions/1.8/usr/lib/ruby/gems/1.8/gems/actionpack-2.3.5/lib/action_controller/session/cookie_store.rb:93:in `call'
/System/Library/Frameworks/Ruby.framework/Versions/1.8/usr/lib/ruby/gems/1.8/gems/actionpack-2.3.5/lib/action_controller/failsafe.rb:26:in `call'
/System/Library/Frameworks/Ruby.framework/Versions/1.8/usr/lib/ruby/gems/1.8/gems/rack-1.0.1/lib/rack/lock.rb:11:in `call'
/System/Library/Frameworks/Ruby.framework/Versions/1.8/usr/lib/ruby/gems/1.8/gems/rack-1.0.1/lib/rack/lock.rb:11:in `synchronize'
/System/Library/Frameworks/Ruby.framework/Versions/1.8/usr/lib/ruby/gems/1.8/gems/rack-1.0.1/lib/rack/lock.rb:11:in `call'
/System/Library/Frameworks/Ruby.framework/Versions/1.8/usr/lib/ruby/gems/1.8/gems/actionpack-2.3.5/lib/action_controller/dispatcher.rb:114:in `call'
/System/Library/Frameworks/Ruby.framework/Versions/1.8/usr/lib/ruby/gems/1.8/gems/actionpack-2.3.5/lib/action_controller/reloader.rb:34:in `run'
/System/Library/Frameworks/Ruby.framework/Versions/1.8/usr/lib/ruby/gems/1.8/gems/actionpack-2.3.5/lib/action_controller/dispatcher.rb:108:in `call'
/System/Library/Frameworks/Ruby.framework/Versions/1.8/usr/lib/ruby/gems/1.8/gems/rails-2.3.5/lib/rails/rack/static.rb:31:in `call'
/System/Library/Frameworks/Ruby.framework/Versions/1.8/usr/lib/ruby/gems/1.8/gems/rack-1.0.1/lib/rack/urlmap.rb:46:in `call'
/System/Library/Frameworks/Ruby.framework/Versions/1.8/usr/lib/ruby/gems/1.8/gems/rack-1.0.1/lib/rack/urlmap.rb:40:in `each'
/System/Library/Frameworks/Ruby.framework/Versions/1.8/usr/lib/ruby/gems/1.8/gems/rack-1.0.1/lib/rack/urlmap.rb:40:in `call'
/System/Library/Frameworks/Ruby.framework/Versions/1.8/usr/lib/ruby/gems/1.8/gems/rack-1.0.1/lib/rack/content_length.rb:13:in `call'
/System/Library/Frameworks/Ruby.framework/Versions/1.8/usr/lib/ruby/gems/1.8/gems/rack-1.0.1/lib/rack/chunked.rb:15:in `call'
/System/Library/Frameworks/Ruby.framework/Versions/1.8/usr/lib/ruby/gems/1.8/gems/rack-1.0.1/lib/rack/handler/mongrel.rb:64:in `process'
/System/Library/Frameworks/Ruby.framework/Versions/1.8/usr/lib/ruby/gems/1.8/gems/mongrel-1.1.5/lib/mongrel.rb:159:in `process_client'
/System/Library/Frameworks/Ruby.framework/Versions/1.8/usr/lib/ruby/gems/1.8/gems/mongrel-1.1.5/lib/mongrel.rb:158:in `each'
/System/Library/Frameworks/Ruby.framework/Versions/1.8/usr/lib/ruby/gems/1.8/gems/mongrel-1.1.5/lib/mongrel.rb:158:in `process_client'
/System/Library/Frameworks/Ruby.framework/Versions/1.8/usr/lib/ruby/gems/1.8/gems/mongrel-1.1.5/lib/mongrel.rb:285:in `run'
/System/Library/Frameworks/Ruby.framework/Versions/1.8/usr/lib/ruby/gems/1.8/gems/mongrel-1.1.5/lib/mongrel.rb:285:in `initialize'
/System/Library/Frameworks/Ruby.framework/Versions/1.8/usr/lib/ruby/gems/1.8/gems/mongrel-1.1.5/lib/mongrel.rb:285:in `new'
/System/Library/Frameworks/Ruby.framework/Versions/1.8/usr/lib/ruby/gems/1.8/gems/mongrel-1.1.5/lib/mongrel.rb:285:in `run'
/System/Library/Frameworks/Ruby.framework/Versions/1.8/usr/lib/ruby/gems/1.8/gems/mongrel-1.1.5/lib/mongrel.rb:268:in `initialize'
/System/Library/Frameworks/Ruby.framework/Versions/1.8/usr/lib/ruby/gems/1.8/gems/mongrel-1.1.5/lib/mongrel.rb:268:in `new'
/System/Library/Frameworks/Ruby.framework/Versions/1.8/usr/lib/ruby/gems/1.8/gems/mongrel-1.1.5/lib/mongrel.rb:268:in `run'
/System/Library/Frameworks/Ruby.framework/Versions/1.8/usr/lib/ruby/gems/1.8/gems/rack-1.0.1/lib/rack/handler/mongrel.rb:34:in `run'
/System/Library/Frameworks/Ruby.framework/Versions/1.8/usr/lib/ruby/gems/1.8/gems/rails-2.3.5/lib/commands/server.rb:111
/System/Library/Frameworks/Ruby.framework/Versions/1.8/usr/lib/ruby/1.8/rubygems/custom_require.rb:31:in `gem_original_require'
/System/Library/Frameworks/Ruby.framework/Versions/1.8/usr/lib/ruby/1.8/rubygems/custom_require.rb:31:in `require'
./script/server:3
...
No close tag for /book/titem
Line: 
Position: 
Last 80 unconsumed characters:

    /System/Library/Frameworks/Ruby.framework/Versions/1.8/usr/lib/ruby/1.8/rexml/parsers/treeparser.rb:92:in `parse'
    /System/Library/Frameworks/Ruby.framework/Versions/1.8/usr/lib/ruby/1.8/rexml/document.rb:227:in `build'
    /System/Library/Frameworks/Ruby.framework/Versions/1.8/usr/lib/ruby/1.8/rexml/document.rb:43:in `initialize'
    /System/Library/Frameworks/Ruby.framework/Versions/1.8/usr/lib/ruby/gems/1.8/gems/activesupport-2.3.5/lib/active_support/xml_mini/rexml.rb:17:in `new'
    /System/Library/Frameworks/Ruby.framework/Versions/1.8/usr/lib/ruby/gems/1.8/gems/activesupport-2.3.5/lib/active_support/xml_mini/rexml.rb:17:in `parse'
    /System/Library/Frameworks/Ruby.framework/Versions/1.8/usr/lib/ruby/gems/1.8/gems/activesupport-2.3.5/lib/active_support/xml_mini.rb:12:in `__send__'
    /System/Library/Frameworks/Ruby.framework/Versions/1.8/usr/lib/ruby/gems/1.8/gems/activesupport-2.3.5/lib/active_support/xml_mini.rb:12:in `parse'
    /System/Library/Frameworks/Ruby.framework/Versions/1.8/usr/lib/ruby/gems/1.8/gems/activesupport-2.3.5/lib/active_support/core_ext/hash/conversions.rb:164:in `from_xml'
    /System/Library/Frameworks/Ruby.framework/Versions/1.8/usr/lib/ruby/gems/1.8/gems/actionpack-2.3.5/lib/action_controller/params_parser.rb:34:in `parse_formatted_parameters'
    /System/Library/Frameworks/Ruby.framework/Versions/1.8/usr/lib/ruby/gems/1.8/gems/actionpack-2.3.5/lib/action_controller/params_parser.rb:11:in `call'
    /System/Library/Frameworks/Ruby.framework/Versions/1.8/usr/lib/ruby/gems/1.8/gems/actionpack-2.3.5/lib/action_controller/session/cookie_store.rb:93:in `call'
    /System/Library/Frameworks/Ruby.framework/Versions/1.8/usr/lib/ruby/gems/1.8/gems/actionpack-2.3.5/lib/action_controller/failsafe.rb:26:in `call'
    /System/Library/Frameworks/Ruby.framework/Versions/1.8/usr/lib/ruby/gems/1.8/gems/rack-1.0.1/lib/rack/lock.rb:11:in `call'
    /System/Library/Frameworks/Ruby.framework/Versions/1.8/usr/lib/ruby/gems/1.8/gems/rack-1.0.1/lib/rack/lock.rb:11:in `synchronize'
    /System/Library/Frameworks/Ruby.framework/Versions/1.8/usr/lib/ruby/gems/1.8/gems/rack-1.0.1/lib/rack/lock.rb:11:in `call'
    /System/Library/Frameworks/Ruby.framework/Versions/1.8/usr/lib/ruby/gems/1.8/gems/actionpack-2.3.5/lib/action_controller/dispatcher.rb:114:in `call'
    /System/Library/Frameworks/Ruby.framework/Versions/1.8/usr/lib/ruby/gems/1.8/gems/actionpack-2.3.5/lib/action_controller/reloader.rb:34:in `run'
    /System/Library/Frameworks/Ruby.framework/Versions/1.8/usr/lib/ruby/gems/1.8/gems/actionpack-2.3.5/lib/action_controller/dispatcher.rb:108:in `call'
    /System/Library/Frameworks/Ruby.framework/Versions/1.8/usr/lib/ruby/gems/1.8/gems/rails-2.3.5/lib/rails/rack/static.rb:31:in `call'
    /System/Library/Frameworks/Ruby.framework/Versions/1.8/usr/lib/ruby/gems/1.8/gems/rack-1.0.1/lib/rack/urlmap.rb:46:in `call'
    /System/Library/Frameworks/Ruby.framework/Versions/1.8/usr/lib/ruby/gems/1.8/gems/rack-1.0.1/lib/rack/urlmap.rb:40:in `each'
    /System/Library/Frameworks/Ruby.framework/Versions/1.8/usr/lib/ruby/gems/1.8/gems/rack-1.0.1/lib/rack/urlmap.rb:40:in `call'
    /System/Library/Frameworks/Ruby.framework/Versions/1.8/usr/lib/ruby/gems/1.8/gems/rack-1.0.1/lib/rack/content_length.rb:13:in `call'
    /System/Library/Frameworks/Ruby.framework/Versions/1.8/usr/lib/ruby/gems/1.8/gems/rack-1.0.1/lib/rack/chunked.rb:15:in `call'
    /System/Library/Frameworks/Ruby.framework/Versions/1.8/usr/lib/ruby/gems/1.8/gems/rack-1.0.1/lib/rack/handler/mongrel.rb:64:in `process'
    /System/Library/Frameworks/Ruby.framework/Versions/1.8/usr/lib/ruby/gems/1.8/gems/mongrel-1.1.5/lib/mongrel.rb:159:in `process_client'
    /System/Library/Frameworks/Ruby.framework/Versions/1.8/usr/lib/ruby/gems/1.8/gems/mongrel-1.1.5/lib/mongrel.rb:158:in `each'
    /System/Library/Frameworks/Ruby.framework/Versions/1.8/usr/lib/ruby/gems/1.8/gems/mongrel-1.1.5/lib/mongrel.rb:158:in `process_client'
    /System/Library/Frameworks/Ruby.framework/Versions/1.8/usr/lib/ruby/gems/1.8/gems/mongrel-1.1.5/lib/mongrel.rb:285:in `run'
    /System/Library/Frameworks/Ruby.framework/Versions/1.8/usr/lib/ruby/gems/1.8/gems/mongrel-1.1.5/lib/mongrel.rb:285:in `initialize'
    /System/Library/Frameworks/Ruby.framework/Versions/1.8/usr/lib/ruby/gems/1.8/gems/mongrel-1.1.5/lib/mongrel.rb:285:in `new'
    /System/Library/Frameworks/Ruby.framework/Versions/1.8/usr/lib/ruby/gems/1.8/gems/mongrel-1.1.5/lib/mongrel.rb:285:in `run'
    /System/Library/Frameworks/Ruby.framework/Versions/1.8/usr/lib/ruby/gems/1.8/gems/mongrel-1.1.5/lib/mongrel.rb:268:in `initialize'
    /System/Library/Frameworks/Ruby.framework/Versions/1.8/usr/lib/ruby/gems/1.8/gems/mongrel-1.1.5/lib/mongrel.rb:268:in `new'
    /System/Library/Frameworks/Ruby.framework/Versions/1.8/usr/lib/ruby/gems/1.8/gems/mongrel-1.1.5/lib/mongrel.rb:268:in `run'
    /System/Library/Frameworks/Ruby.framework/Versions/1.8/usr/lib/ruby/gems/1.8/gems/rack-1.0.1/lib/rack/handler/mongrel.rb:34:in `run'
    /System/Library/Frameworks/Ruby.framework/Versions/1.8/usr/lib/ruby/gems/1.8/gems/rails-2.3.5/lib/commands/server.rb:111
    /System/Library/Frameworks/Ruby.framework/Versions/1.8/usr/lib/ruby/1.8/rubygems/custom_require.rb:31:in `gem_original_require'
    /System/Library/Frameworks/Ruby.framework/Versions/1.8/usr/lib/ruby/1.8/rubygems/custom_require.rb:31:in `require'
    ./script/server:3


Processing ItemsController#index to json (for 127.0.0.1 at 2011-05-15 22:20:06) [GET]
  [4;35;1mItem Load (0.7ms)[0m   [0mSELECT * FROM "items" [0m
Completed in 9ms (View: 5, DB: 1) | 200 OK [http://localhost/items.json]


Processing ItemsController#index (for 127.0.0.1 at 2011-05-15 22:20:10) [GET]
  [4;36;1mItem Load (0.7ms)[0m   [0;1mSELECT * FROM "items" [0m
Rendering template within layouts/items
Rendering items/index
Completed in 22ms (View: 17, DB: 1) | 200 OK [http://localhost/items]


Processing ApplicationController#index (for 127.0.0.1 at 2011-05-15 22:20:16) [GET]

ActionController::RoutingError (No route matches "/item.xml" with {:method=>:get}):
  

Rendering rescues/layout (not_found)


Processing ItemsController#index to xml (for 127.0.0.1 at 2011-05-15 22:20:21) [GET]
  [4;35;1mItem Load (0.7ms)[0m   [0mSELECT * FROM "items" [0m
Completed in 10ms (View: 6, DB: 1) | 200 OK [http://localhost/items.xml]


Processing ItemsController#create (for 127.0.0.1 at 2011-05-15 22:28:43) [POST]
  Parameters: {"item"=>{"name"=>"created using POST"}}
  [4;36;1mItem Create (0.3ms)[0m   [0;1mINSERT INTO "items" ("name", "created_at", "x", "y", "updated_at") VALUES('created using POST', '2011-05-15 20:28:43', NULL, NULL, '2011-05-15 20:28:43')[0m
Redirected to http://localhost:3000/items/7
Completed in 9ms (DB: 0) | 302 Found [http://localhost/items]


Processing ApplicationController#index (for 127.0.0.1 at 2011-05-15 22:29:01) [GET]

ActionController::RoutingError (No route matches "/item.xml" with {:method=>:get}):
  

Rendering rescues/layout (not_found)


Processing ItemsController#index to xml (for 127.0.0.1 at 2011-05-15 22:29:04) [GET]
  [4;35;1mItem Load (0.8ms)[0m   [0mSELECT * FROM "items" [0m
Completed in 12ms (View: 6, DB: 1) | 200 OK [http://localhost/items.xml]
Error occurred while parsing request parameters.
Contents:

name:'created using POST'
/!\ FAILSAFE /!\  Sun May 15 22:29:35 +0200 2011
  Status: 500 Internal Server Error
  undefined method `name' for nil:NilClass
    /System/Library/Frameworks/Ruby.framework/Versions/1.8/usr/lib/ruby/gems/1.8/gems/activesupport-2.3.5/lib/active_support/whiny_nil.rb:52:in `method_missing'
    /System/Library/Frameworks/Ruby.framework/Versions/1.8/usr/lib/ruby/gems/1.8/gems/activesupport-2.3.5/lib/active_support/xml_mini/rexml.rb:29:in `merge_element!'
    /System/Library/Frameworks/Ruby.framework/Versions/1.8/usr/lib/ruby/gems/1.8/gems/activesupport-2.3.5/lib/active_support/xml_mini/rexml.rb:18:in `parse'
    /System/Library/Frameworks/Ruby.framework/Versions/1.8/usr/lib/ruby/gems/1.8/gems/activesupport-2.3.5/lib/active_support/xml_mini.rb:12:in `__send__'
    /System/Library/Frameworks/Ruby.framework/Versions/1.8/usr/lib/ruby/gems/1.8/gems/activesupport-2.3.5/lib/active_support/xml_mini.rb:12:in `parse'
    /System/Library/Frameworks/Ruby.framework/Versions/1.8/usr/lib/ruby/gems/1.8/gems/activesupport-2.3.5/lib/active_support/core_ext/hash/conversions.rb:164:in `from_xml'
    /System/Library/Frameworks/Ruby.framework/Versions/1.8/usr/lib/ruby/gems/1.8/gems/actionpack-2.3.5/lib/action_controller/params_parser.rb:34:in `parse_formatted_parameters'
    /System/Library/Frameworks/Ruby.framework/Versions/1.8/usr/lib/ruby/gems/1.8/gems/actionpack-2.3.5/lib/action_controller/params_parser.rb:11:in `call'
    /System/Library/Frameworks/Ruby.framework/Versions/1.8/usr/lib/ruby/gems/1.8/gems/actionpack-2.3.5/lib/action_controller/session/cookie_store.rb:93:in `call'
    /System/Library/Frameworks/Ruby.framework/Versions/1.8/usr/lib/ruby/gems/1.8/gems/actionpack-2.3.5/lib/action_controller/failsafe.rb:26:in `call'
    /System/Library/Frameworks/Ruby.framework/Versions/1.8/usr/lib/ruby/gems/1.8/gems/rack-1.0.1/lib/rack/lock.rb:11:in `call'
    /System/Library/Frameworks/Ruby.framework/Versions/1.8/usr/lib/ruby/gems/1.8/gems/rack-1.0.1/lib/rack/lock.rb:11:in `synchronize'
    /System/Library/Frameworks/Ruby.framework/Versions/1.8/usr/lib/ruby/gems/1.8/gems/rack-1.0.1/lib/rack/lock.rb:11:in `call'
    /System/Library/Frameworks/Ruby.framework/Versions/1.8/usr/lib/ruby/gems/1.8/gems/actionpack-2.3.5/lib/action_controller/dispatcher.rb:114:in `call'
    /System/Library/Frameworks/Ruby.framework/Versions/1.8/usr/lib/ruby/gems/1.8/gems/actionpack-2.3.5/lib/action_controller/reloader.rb:34:in `run'
    /System/Library/Frameworks/Ruby.framework/Versions/1.8/usr/lib/ruby/gems/1.8/gems/actionpack-2.3.5/lib/action_controller/dispatcher.rb:108:in `call'
    /System/Library/Frameworks/Ruby.framework/Versions/1.8/usr/lib/ruby/gems/1.8/gems/rails-2.3.5/lib/rails/rack/static.rb:31:in `call'
    /System/Library/Frameworks/Ruby.framework/Versions/1.8/usr/lib/ruby/gems/1.8/gems/rack-1.0.1/lib/rack/urlmap.rb:46:in `call'
    /System/Library/Frameworks/Ruby.framework/Versions/1.8/usr/lib/ruby/gems/1.8/gems/rack-1.0.1/lib/rack/urlmap.rb:40:in `each'
    /System/Library/Frameworks/Ruby.framework/Versions/1.8/usr/lib/ruby/gems/1.8/gems/rack-1.0.1/lib/rack/urlmap.rb:40:in `call'
    /System/Library/Frameworks/Ruby.framework/Versions/1.8/usr/lib/ruby/gems/1.8/gems/rack-1.0.1/lib/rack/content_length.rb:13:in `call'
    /System/Library/Frameworks/Ruby.framework/Versions/1.8/usr/lib/ruby/gems/1.8/gems/rack-1.0.1/lib/rack/chunked.rb:15:in `call'
    /System/Library/Frameworks/Ruby.framework/Versions/1.8/usr/lib/ruby/gems/1.8/gems/rack-1.0.1/lib/rack/handler/mongrel.rb:64:in `process'
    /System/Library/Frameworks/Ruby.framework/Versions/1.8/usr/lib/ruby/gems/1.8/gems/mongrel-1.1.5/lib/mongrel.rb:159:in `process_client'
    /System/Library/Frameworks/Ruby.framework/Versions/1.8/usr/lib/ruby/gems/1.8/gems/mongrel-1.1.5/lib/mongrel.rb:158:in `each'
    /System/Library/Frameworks/Ruby.framework/Versions/1.8/usr/lib/ruby/gems/1.8/gems/mongrel-1.1.5/lib/mongrel.rb:158:in `process_client'
    /System/Library/Frameworks/Ruby.framework/Versions/1.8/usr/lib/ruby/gems/1.8/gems/mongrel-1.1.5/lib/mongrel.rb:285:in `run'
    /System/Library/Frameworks/Ruby.framework/Versions/1.8/usr/lib/ruby/gems/1.8/gems/mongrel-1.1.5/lib/mongrel.rb:285:in `initialize'
    /System/Library/Frameworks/Ruby.framework/Versions/1.8/usr/lib/ruby/gems/1.8/gems/mongrel-1.1.5/lib/mongrel.rb:285:in `new'
    /System/Library/Frameworks/Ruby.framework/Versions/1.8/usr/lib/ruby/gems/1.8/gems/mongrel-1.1.5/lib/mongrel.rb:285:in `run'
    /System/Library/Frameworks/Ruby.framework/Versions/1.8/usr/lib/ruby/gems/1.8/gems/mongrel-1.1.5/lib/mongrel.rb:268:in `initialize'
    /System/Library/Frameworks/Ruby.framework/Versions/1.8/usr/lib/ruby/gems/1.8/gems/mongrel-1.1.5/lib/mongrel.rb:268:in `new'
    /System/Library/Frameworks/Ruby.framework/Versions/1.8/usr/lib/ruby/gems/1.8/gems/mongrel-1.1.5/lib/mongrel.rb:268:in `run'
    /System/Library/Frameworks/Ruby.framework/Versions/1.8/usr/lib/ruby/gems/1.8/gems/rack-1.0.1/lib/rack/handler/mongrel.rb:34:in `run'
    /System/Library/Frameworks/Ruby.framework/Versions/1.8/usr/lib/ruby/gems/1.8/gems/rails-2.3.5/lib/commands/server.rb:111
    /System/Library/Frameworks/Ruby.framework/Versions/1.8/usr/lib/ruby/1.8/rubygems/custom_require.rb:31:in `gem_original_require'
    /System/Library/Frameworks/Ruby.framework/Versions/1.8/usr/lib/ruby/1.8/rubygems/custom_require.rb:31:in `require'
    ./script/server:3


Processing ItemsController#create (for 127.0.0.1 at 2011-05-15 22:29:47) [POST]
  Parameters: {"name"=>"created using POST"}
  [4;36;1mItem Create (0.4ms)[0m   [0;1mINSERT INTO "items" ("name", "created_at", "x", "y", "updated_at") VALUES(NULL, '2011-05-15 20:29:47', NULL, NULL, '2011-05-15 20:29:47')[0m
Redirected to http://localhost:3000/items/8
Completed in 9ms (DB: 0) | 302 Found [http://localhost/items]


Processing ItemsController#index to xml (for 127.0.0.1 at 2011-05-15 22:29:56) [GET]
  [4;35;1mItem Load (0.8ms)[0m   [0mSELECT * FROM "items" [0m
Completed in 11ms (View: 7, DB: 1) | 200 OK [http://localhost/items.xml]


Processing ItemsController#show to xml (for 127.0.0.1 at 2011-05-15 22:30:55) [GET]
  Parameters: {"id"=>"7"}
  [4;36;1mItem Load (0.2ms)[0m   [0;1mSELECT * FROM "items" WHERE ("items"."id" = 7) [0m
Completed in 7ms (View: 2, DB: 0) | 200 OK [http://localhost/items/7.xml]


Processing ItemsController#show to json (for 127.0.0.1 at 2011-05-15 22:30:58) [GET]
  Parameters: {"id"=>"7"}
  [4;35;1mItem Load (0.3ms)[0m   [0mSELECT * FROM "items" WHERE ("items"."id" = 7) [0m
Completed in 7ms (View: 2, DB: 0) | 200 OK [http://localhost/items/7.json]


Processing ItemsController#index to xml (for 127.0.0.1 at 2011-05-15 22:31:15) [GET]
  [4;36;1mItem Load (0.8ms)[0m   [0;1mSELECT * FROM "items" [0m
Completed in 11ms (View: 7, DB: 1) | 200 OK [http://localhost/items.xml]


Processing ItemsController#create (for 127.0.0.1 at 2011-05-15 22:32:10) [POST]
  Parameters: {"item"=>{"name"=>"created using POST", "created_at"=>"2011-05-15T20:28:43Z", "x"=>nil, "updated_at"=>"2011-05-15T20:28:43Z", "y"=>nil, "id"=>9}}
WARNING: Can't mass-assign these protected attributes: id
  [4;35;1mItem Create (0.4ms)[0m   [0mINSERT INTO "items" ("name", "created_at", "x", "y", "updated_at") VALUES('created using POST', '2011-05-15 20:28:43', NULL, NULL, '2011-05-15 20:28:43')[0m
Redirected to http://localhost:3000/items/9
Completed in 10ms (DB: 0) | 302 Found [http://localhost/items]


Processing ItemsController#index to xml (for 127.0.0.1 at 2011-05-15 22:32:19) [GET]
  [4;36;1mItem Load (0.8ms)[0m   [0;1mSELECT * FROM "items" [0m
Completed in 71ms (View: 67, DB: 1) | 200 OK [http://localhost/items.xml]


Processing ItemsController#create (for 127.0.0.1 at 2011-05-15 22:32:31) [POST]
  Parameters: {"item"=>{"name"=>"created using POST", "created_at"=>"2011-05-15T20:28:43Z", "x"=>nil, "updated_at"=>"2011-05-15T20:28:43Z", "y"=>nil, "id"=>90}}
WARNING: Can't mass-assign these protected attributes: id
  [4;35;1mItem Create (0.8ms)[0m   [0mINSERT INTO "items" ("name", "created_at", "x", "y", "updated_at") VALUES('created using POST', '2011-05-15 20:28:43', NULL, NULL, '2011-05-15 20:28:43')[0m
Redirected to http://localhost:3000/items/10
Completed in 12ms (DB: 1) | 302 Found [http://localhost/items]


Processing ItemsController#index to xml (for 127.0.0.1 at 2011-05-15 22:32:32) [GET]
  [4;36;1mItem Load (0.9ms)[0m   [0;1mSELECT * FROM "items" [0m
Completed in 12ms (View: 8, DB: 1) | 200 OK [http://localhost/items.xml]


Processing ItemsController#create (for 127.0.0.1 at 2011-05-15 22:33:05) [POST]
  Parameters: {"item"=>{"name"=>"created using POST using json", "x"=>9, "y"=>99}}
  [4;35;1mItem Create (0.9ms)[0m   [0mINSERT INTO "items" ("name", "created_at", "x", "y", "updated_at") VALUES('created using POST using json', '2011-05-15 20:33:05', 9, 99, '2011-05-15 20:33:05')[0m
Redirected to http://localhost:3000/items/11
Completed in 10ms (DB: 1) | 302 Found [http://localhost/items]


Processing ItemsController#index to xml (for 127.0.0.1 at 2011-05-15 22:33:07) [GET]
  [4;36;1mItem Load (0.9ms)[0m   [0;1mSELECT * FROM "items" [0m
Completed in 13ms (View: 9, DB: 1) | 200 OK [http://localhost/items.xml]


Processing ItemsController#update (for 127.0.0.1 at 2011-05-15 22:37:00) [PUT]
  Parameters: {"id"=>"11", "item"=>{"name"=>"updated using PUT using json", "x"=>11, "y"=>11}}
  [4;35;1mItem Load (0.2ms)[0m   [0mSELECT * FROM "items" WHERE ("items"."id" = 11) [0m
  [4;36;1mItem Update (0.3ms)[0m   [0;1mUPDATE "items" SET "updated_at" = '2011-05-15 20:37:00', "y" = 11, "x" = 11, "name" = 'updated using PUT using json' WHERE "id" = 11[0m
Redirected to http://localhost:3000/items/11
Completed in 10ms (DB: 1) | 302 Found [http://localhost/items/11]


Processing ItemsController#index to xml (for 127.0.0.1 at 2011-05-15 22:37:05) [GET]
  [4;35;1mItem Load (0.9ms)[0m   [0mSELECT * FROM "items" [0m
Completed in 14ms (View: 10, DB: 1) | 200 OK [http://localhost/items.xml]


Processing ItemsController#update (for 127.0.0.1 at 2011-05-15 22:37:14) [PUT]
  Parameters: {"id"=>"11", "item"=>{"name"=>"updated using PUT using json", "x"=>11, "y"=>11}}
  [4;36;1mItem Load (0.2ms)[0m   [0;1mSELECT * FROM "items" WHERE ("items"."id" = 11) [0m
Redirected to http://localhost:3000/items/11
Completed in 8ms (DB: 0) | 302 Found [http://localhost/items/11]


Processing ItemsController#index to xml (for 127.0.0.1 at 2011-05-15 22:37:38) [GET]
  [4;35;1mItem Load (0.9ms)[0m   [0mSELECT * FROM "items" [0m
Completed in 81ms (View: 77, DB: 1) | 200 OK [http://localhost/items.xml]
